<?xml version="1.0" encoding="UTF-8"?>
<testng-results ignored="0" total="1" passed="1" failed="0" skipped="0">
  <reporter-output>
  </reporter-output>
  <suite started-at="2026-01-12T18:18:45 IST" name="Default suite" finished-at="2026-01-12T18:19:25 IST" duration-ms="40500">
    <groups>
    </groups>
    <test started-at="2026-01-12T18:18:45 IST" name="Default test" finished-at="2026-01-12T18:19:25 IST" duration-ms="40500">
      <class name="TestCase.Extension_Of_ENWR_TestCase">
        <test-method is-config="true" signature="setup()[pri:0, instance:TestCase.Extension_Of_ENWR_TestCase@29d89d5d]" started-at="2026-01-12T18:18:45 IST" name="setup" finished-at="2026-01-12T18:18:51 IST" duration-ms="6502" status="PASS">
          <reporter-output>
          </reporter-output>
        </test-method> <!-- setup -->
        <test-method signature="Extension_Of_ENWR_Request_Warehouse_Checker()[pri:0, instance:TestCase.Extension_Of_ENWR_TestCase@29d89d5d]" started-at="2026-01-12T18:18:51 IST" name="Extension_Of_ENWR_Request_Warehouse_Checker" finished-at="2026-01-12T18:19:25 IST" duration-ms="33939" status="PASS">
          <reporter-output>
          </reporter-output>
        </test-method> <!-- Extension_Of_ENWR_Request_Warehouse_Checker -->
      </class> <!-- TestCase.Extension_Of_ENWR_TestCase -->
    </test> <!-- Default test -->
  </suite> <!-- Default suite -->
</testng-results>
