<?xml version="1.0" encoding="UTF-8"?>
<!-- Generated by org.testng.reporters.JUnitReportReporter -->
<testsuite hostname="CCRL-L-013" failures="0" tests="1" name="TestCase.General_Deposite_Agriculture_Multiple_GSL_TestCase" time="841.958" errors="0" timestamp="2025-11-06T10:57:51 IST" skipped="0">
  <testcase classname="TestCase.General_Deposite_Agriculture_Multiple_GSL_TestCase" name="Deposite_Assayer_Checker" time="841.958"/>
  <system-out/>
</testsuite> <!-- TestCase.General_Deposite_Agriculture_Multiple_GSL_TestCase -->
