<?xml version="1.0" encoding="UTF-8"?>
<!-- Generated by org.testng.reporters.JUnitReportReporter -->
<testsuite hostname="CCRL-L-013" failures="1" tests="1" name="TestCase.CR319_show_completed_transaction_data_for_the_relevant_modules_TestCase" time="19.219" errors="0" timestamp="2025-12-18T12:43:03 IST" skipped="0">
  <testcase classname="TestCase.CR319_show_completed_transaction_data_for_the_relevant_modules_TestCase" name="Pledge_Creation_Confirmation_CR319" time="19.219">
    <failure message="Pledge_Creation_Confirmation_Report_txt mismatch expected [Pledge Creation Conlklfirmation Report] but found [Pledge Creation Confirmation Report]" type="java.lang.AssertionError">
      <![CDATA[java.lang.AssertionError: Pledge_Creation_Confirmation_Report_txt mismatch expected [Pledge Creation Conlklfirmation Report] but found [Pledge Creation Confirmation Report]
at org.testng.Assert.fail(Assert.java:99)
at org.testng.Assert.failNotEquals(Assert.java:1037)
at org.testng.Assert.assertEqualsImpl(Assert.java:140)
at org.testng.Assert.assertEquals(Assert.java:122)
at org.testng.Assert.assertEquals(Assert.java:629)
at TestPages.Pledge_Creation_WareHouse.Pledge_Creation_Confirmation_CR319(Pledge_Creation_WareHouse.java:281)
at TestCase.CR319_show_completed_transaction_data_for_the_relevant_modules_TestCase.Pledge_Creation_Confirmation_CR319(CR319_show_completed_transaction_data_for_the_relevant_modules_TestCase.java:38)
at java.base/jdk.internal.reflect.DirectMethodHandleAccessor.invoke(DirectMethodHandleAccessor.java:103)
at java.base/java.lang.reflect.Method.invoke(Method.java:580)
at org.testng.internal.MethodInvocationHelper.invokeMethod(MethodInvocationHelper.java:133)
at org.testng.internal.TestInvoker.invokeMethod(TestInvoker.java:598)
at org.testng.internal.TestInvoker.invokeTestMethod(TestInvoker.java:173)
at org.testng.internal.MethodRunner.runInSequence(MethodRunner.java:46)
at org.testng.internal.TestInvoker$MethodInvocationAgent.invoke(TestInvoker.java:824)
at org.testng.internal.TestInvoker.invokeTestMethods(TestInvoker.java:146)
at org.testng.internal.TestMethodWorker.invokeTestMethods(TestMethodWorker.java:146)
at org.testng.internal.TestMethodWorker.run(TestMethodWorker.java:128)
at java.base/java.util.ArrayList.forEach(ArrayList.java:1596)
at org.testng.TestRunner.privateRun(TestRunner.java:794)
at org.testng.TestRunner.run(TestRunner.java:596)
at org.testng.SuiteRunner.runTest(SuiteRunner.java:377)
at org.testng.SuiteRunner.runSequentially(SuiteRunner.java:371)
at org.testng.SuiteRunner.privateRun(SuiteRunner.java:332)
at org.testng.SuiteRunner.run(SuiteRunner.java:276)
at org.testng.SuiteRunnerWorker.runSuite(SuiteRunnerWorker.java:53)
at org.testng.SuiteRunnerWorker.run(SuiteRunnerWorker.java:96)
at org.testng.TestNG.runSuitesSequentially(TestNG.java:1212)
at org.testng.TestNG.runSuitesLocally(TestNG.java:1134)
at org.testng.TestNG.runSuites(TestNG.java:1063)
at org.testng.TestNG.run(TestNG.java:1031)
at org.testng.remote.AbstractRemoteTestNG.run(AbstractRemoteTestNG.java:115)
at org.testng.remote.RemoteTestNG.initAndRun(RemoteTestNG.java:293)
at org.testng.remote.RemoteTestNG.main(RemoteTestNG.java:91)
]]>
    </failure>
  </testcase> <!-- Pledge_Creation_Confirmation_CR319 -->
  <system-out/>
</testsuite> <!-- TestCase.CR319_show_completed_transaction_data_for_the_relevant_modules_TestCase -->
