<?xml version="1.0" encoding="UTF-8"?>
<!-- Generated by org.testng.reporters.JUnitReportReporter -->
<testsuite hostname="CCRL-L-013" failures="0" tests="1" name="TestCase.Exchange_Deposite_Agriculture_Multiple_GSL_TestCase" time="25.995" errors="0" timestamp="2026-02-17T16:52:21 IST" skipped="0">
  <testcase classname="TestCase.Exchange_Deposite_Agriculture_Multiple_GSL_TestCase" name="RP_Exchange_Deposite_Request_Maker" time="25.995"/>
  <system-out/>
</testsuite> <!-- TestCase.Exchange_Deposite_Agriculture_Multiple_GSL_TestCase -->
