<?xml version="1.0" encoding="UTF-8"?>
<!-- Generated by org.testng.reporters.JUnitReportReporter -->
<testsuite hostname="CCRL-L-013" failures="0" tests="1" name="TestCase.Exchange_Deposite_Non_Agriculture_Multiple_GSL_TestCase" time="1734.665" errors="0" timestamp="2025-11-12T18:00:59 IST" skipped="0">
  <testcase classname="TestCase.Exchange_Deposite_Non_Agriculture_Multiple_GSL_TestCase" name="DashBoard_WareHouse_Maker" time="1734.665"/>
  <system-out/>
</testsuite> <!-- TestCase.Exchange_Deposite_Non_Agriculture_Multiple_GSL_TestCase -->
