<?xml version="1.0" encoding="UTF-8"?>
<!-- Generated by org.testng.reporters.JUnitReportReporter -->
<testsuite hostname="CCRL-L-013" failures="0" tests="2" name="TestCase.Exchange_Deposite_Non_Agriculture_TestCase" time="359.527" errors="0" timestamp="2025-08-13T11:11:39 IST" skipped="0">
  <testcase classname="TestCase.Exchange_Deposite_Non_Agriculture_TestCase" name="DashBoard_WareHouse_Maker" time="329.293"/>
  <system-out/>
  <testcase classname="TestCase.Exchange_Deposite_Non_Agriculture_TestCase" name="Exchange_Deposite_Request_Non_Agriculture_Maker" time="30.234"/>
  <system-out/>
</testsuite> <!-- TestCase.Exchange_Deposite_Non_Agriculture_TestCase -->
