<?xml version="1.0" encoding="UTF-8"?>
<!-- Generated by org.testng.reporters.JUnitReportReporter -->
<testsuite hostname="CCRL-L-013" failures="0" tests="1" name="TestCase.Exchange_Deposite_Non_Agriculture_Multiple_GSL_TestCase" time="129.685" errors="0" timestamp="2025-11-16T17:41:11 IST" skipped="0">
  <testcase classname="TestCase.Exchange_Deposite_Non_Agriculture_Multiple_GSL_TestCase" name="DashBoard_WareHouse_Checker" time="129.685"/>
  <system-out/>
</testsuite> <!-- TestCase.Exchange_Deposite_Non_Agriculture_Multiple_GSL_TestCase -->
