<?xml version="1.0" encoding="UTF-8"?>
<!-- Generated by org.testng.reporters.JUnitReportReporter -->
<testsuite hostname="CCRL-L-013" failures="0" tests="1" name="TestCase.Exchange_Deposite_Agriculture_Multiple_GSL_TestCase" time="62.517" errors="0" timestamp="2025-12-03T17:14:30 IST" skipped="0">
  <testcase classname="TestCase.Exchange_Deposite_Agriculture_Multiple_GSL_TestCase" name="Deposit_Confirm_WH_Checker" time="62.517"/>
  <system-out/>
</testsuite> <!-- TestCase.Exchange_Deposite_Agriculture_Multiple_GSL_TestCase -->
