<?xml version="1.0" encoding="UTF-8"?>
<!-- Generated by org.testng.reporters.JUnitReportReporter -->
<testsuite hostname="CCRL-L-013" failures="0" tests="1" name="TestCase.Exchange_Deposite_Agriculture_TestCase" time="184.297" errors="0" timestamp="2025-10-30T11:06:11 IST" skipped="0">
  <testcase classname="TestCase.Exchange_Deposite_Agriculture_TestCase" name="RP_Exchange_Deposite_Request_Maker" time="184.297"/>
  <system-out/>
</testsuite> <!-- TestCase.Exchange_Deposite_Agriculture_TestCase -->
